[debug] [2025-10-11T04:57:31.212Z] ----------------------------------------------------------------------
[debug] [2025-10-11T04:57:31.215Z] Command:       C:\Program Files\nodejs\node.exe C:\Users\tarun\AppData\Roaming\npm\node_modules\firebase-tools\lib\bin\firebase.js init functions
[debug] [2025-10-11T04:57:31.215Z] CLI Version:   14.19.1
[debug] [2025-10-11T04:57:31.215Z] Platform:      win32
[debug] [2025-10-11T04:57:31.215Z] Node Version:  v20.19.4
[debug] [2025-10-11T04:57:31.215Z] Time:          Sat Oct 11 2025 10:27:31 GMT+0530 (India Standard Time)
[debug] [2025-10-11T04:57:31.215Z] ----------------------------------------------------------------------
[debug] 
[debug] [2025-10-11T04:57:31.217Z] >>> [apiv2][query] GET https://firebase-public.firebaseio.com/cli.json [none]
[info] 
     ######## #### ########  ######## ########     ###     ######  ########
     ##        ##  ##     ## ##       ##     ##  ##   ##  ##       ##
     ######    ##  ########  ######   ########  #########  ######  ######
     ##        ##  ##    ##  ##       ##     ## ##     ##       ## ##
     ##       #### ##     ## ######## ########  ##     ##  ######  ########

You're about to initialize a Firebase project in this directory:

  C:\projects\LocalBoys

Before we get started, keep in mind:

  * You are currently outside your home directory
  * You are initializing within an existing Firebase project directory

[debug] [2025-10-11T04:57:32.142Z] <<< [apiv2][status] GET https://firebase-public.firebaseio.com/cli.json 200
[debug] [2025-10-11T04:57:32.142Z] <<< [apiv2][body] GET https://firebase-public.firebaseio.com/cli.json {"cloudBuildErrorAfter":1594252800000,"cloudBuildWarnAfter":1590019200000,"defaultNode10After":1594252800000,"minVersion":"3.0.5","node8DeploysDisabledAfter":1613390400000,"node8RuntimeDisabledAfter":1615809600000,"node8WarnAfter":1600128000000}
[debug] [2025-10-11T04:57:39.491Z] ExitPromptError: User force closed the prompt with SIGINT
    at Interface.sigint (C:\Users\tarun\AppData\Roaming\npm\node_modules\firebase-tools\node_modules\@inquirer\core\dist\commonjs\lib\create-prompt.js:101:37)
    at Interface.emit (node:events:524:28)
    at Interface.emit (node:domain:489:12)
    at [_ttyWrite] [as _ttyWrite] (node:internal/readline/interface:1125:18)
    at ReadStream.onkeypress (node:internal/readline/interface:264:20)
    at ReadStream.emit (node:events:536:35)
    at ReadStream.emit (node:domain:489:12)
    at emitKeys (node:internal/readline/utils:371:14)
    at emitKeys.next (<anonymous>)
    at ReadStream.onData (node:internal/readline/emitKeypressEvents:64:36)
[error] 
[error] Error: An unexpected error has occurred.
